c:\cleanersubnauticagame\x64\debug\vc143.pdb
c:\cleanersubnauticagame\x64\debug\vc143.idb
c:\cleanersubnauticagame\x64\debug\server.obj
c:\cleanersubnauticagame\x64\debug\pipeline.obj
c:\cleanersubnauticagame\x64\debug\imgui_widgets.obj
c:\cleanersubnauticagame\x64\debug\imgui_tables.obj
c:\cleanersubnauticagame\x64\debug\imgui_impl_opengl3.obj
c:\cleanersubnauticagame\x64\debug\imgui_impl_glfw.obj
c:\cleanersubnauticagame\x64\debug\imgui_draw.obj
c:\cleanersubnauticagame\x64\debug\imgui.obj
c:\cleanersubnauticagame\x64\debug\client.obj
c:\cleanersubnauticagame\x64\debug\camera.obj
c:\cleanersubnauticagame\x64\debug\main.obj
c:\cleanersubnauticagame\x64\debug\glad.obj
c:\cleanersubnauticagame\x64\debug\subnauticagame.exe
c:\cleanersubnauticagame\x64\debug\subnauticagame.ilk
c:\cleanersubnauticagame\x64\debug\subnauticagame.pdb
c:\cleanersubnauticagame\x64\debug\assimp-vc143-mtd.dll
c:\cleanersubnauticagame\x64\debug\poly2tri.dll
c:\cleanersubnauticagame\x64\debug\minizip.dll
c:\cleanersubnauticagame\x64\debug\zlibd1.dll
c:\cleanersubnauticagame\x64\debug\pugixml.dll
c:\cleanersubnauticagame\x64\debug\baseentity.obj
c:\cleanersubnauticagame\x64\debug\basehitbox.obj
c:\cleanersubnauticagame\x64\debug\baseobject.obj
c:\cleanersubnauticagame\x64\debug\subnauticagame.tlog\cl.command.1.tlog
c:\cleanersubnauticagame\x64\debug\subnauticagame.tlog\cl.items.tlog
c:\cleanersubnauticagame\x64\debug\subnauticagame.tlog\cl.read.1.tlog
c:\cleanersubnauticagame\x64\debug\subnauticagame.tlog\cl.write.1.tlog
c:\cleanersubnauticagame\x64\debug\subnauticagame.tlog\link.command.1.tlog
c:\cleanersubnauticagame\x64\debug\subnauticagame.tlog\link.read.1.tlog
c:\cleanersubnauticagame\x64\debug\subnauticagame.tlog\link.write.1.tlog
c:\cleanersubnauticagame\x64\debug\subnauticagame.tlog\subnauticagame.write.1u.tlog
